Created: Fr. Aug. 23 2024

###########################################
############ DMESG [ZEDX] LOG #############
###########################################


###########################################
############ DMESG [MAX9x] LOG #############
###########################################


###########################################
############ DMESG [PCA] LOG #############
###########################################


###########################################
############ DMESG [DTS] LOG #############
###########################################


###########################################
############ DTB list original  ###########
###########################################

/boot/dtb/kernel_tegra234-p3768-0000+p3767-0005-nv.dtb

###########################################
############ DTB list SLabs     ###########
###########################################

ls: cannot access '/boot/stereolabs/*': No such file or directory

###########################################
############ EXTlinux file      ###########
###########################################

TIMEOUT 30
DEFAULT primary

MENU TITLE L4T boot options

LABEL primary
      MENU LABEL primary kernel
      LINUX /boot/Image
      INITRD /boot/initrd
      APPEND ${cbootargs} root=/dev/mmcblk0p1 rw rootwait rootfstype=ext4 mminit_loglevel=4 console=ttyTCU0,115200 firmware_class.path=/etc/firmware fbcon=map:0 net.ifnames=0 nospectre_bhb video=efifb:off console=tty0 

# When testing a custom kernel, it is recommended that you create a backup of
# the original kernel and add a new entry to this file so that the device can
# fallback to the original kernel. To do this:
#
# 1, Make a backup of the original kernel
#      sudo cp /boot/Image /boot/Image.backup
#
# 2, Copy your custom kernel into /boot/Image
#
# 3, Uncomment below menu setting lines for the original kernel
#
# 4, Reboot

# LABEL backup
#    MENU LABEL backup kernel
#    LINUX /boot/Image.backup
#    INITRD /boot/initrd
#    APPEND ${cbootargs}


###########################################
############ Jetpack      ###########
###########################################

# R36 (release), REVISION: 3.0, GCID: 36191598, BOARD: generic, EABI: aarch64, DATE: Mon May  6 17:34:21 UTC 2024
# KERNEL_VARIANT: oot
TARGET_USERSPACE_LIB_DIR=nvidia
TARGET_USERSPACE_LIB_DIR_PATH=usr/lib/aarch64-linux-gnu/nvidia

###########################################
############ Dpkg list      ###########
###########################################


####################################
############ Driver list ###########
####################################


################################################
############ ZEDX Daemon Status LS #############
################################################

Unit zed_x_daemon.service could not be found.

################################################
############ I2C Trace  [-l]       #############
################################################

i2c-0	i2c       	3160000.i2c                     	I2C adapter
i2c-1	i2c       	c240000.i2c                     	I2C adapter
i2c-2	i2c       	3180000.i2c                     	I2C adapter
i2c-4	i2c       	Tegra BPMP I2C adapter          	I2C adapter
i2c-5	i2c       	31b0000.i2c                     	I2C adapter
i2c-7	i2c       	c250000.i2c                     	I2C adapter
i2c-9	i2c       	i2c-2-mux (chan_id 1)           	I2C adapter
i2c-10	i2c       	i2c-2-mux (chan_id 0)           	I2C adapter
i2c-11	i2c       	NVIDIA SOC i2c adapter 0        	I2C adapter

################################################
############ I2C Trace /dev/i2C-0 #############
################################################

     0  1  2  3  4  5  6  7  8  9  a  b  c  d  e  f
00:                         -- -- -- -- -- -- -- -- 
10: -- -- -- -- -- -- -- -- -- -- -- -- -- -- -- -- 
20: -- -- -- -- -- -- -- -- -- -- -- -- -- -- -- -- 
30: -- -- -- -- -- -- -- -- -- -- -- -- -- -- -- -- 
40: -- -- -- -- -- -- -- -- -- -- -- -- -- -- -- -- 
50: UU -- -- -- -- -- -- UU -- -- -- -- -- -- -- -- 
60: -- -- -- -- -- -- -- -- -- -- -- -- -- -- -- -- 
70: -- -- -- -- -- -- -- --                         

################################################
############ I2C Trace /dev/i2C-1 #############
################################################

     0  1  2  3  4  5  6  7  8  9  a  b  c  d  e  f
00:                         -- -- -- -- -- -- -- -- 
10: -- -- -- -- -- -- -- -- -- -- -- -- -- -- -- -- 
20: -- -- -- -- -- UU -- -- -- -- -- -- -- -- -- -- 
30: -- -- -- -- -- -- -- -- -- -- -- -- -- -- -- -- 
40: UU -- -- -- -- -- -- -- -- -- -- -- -- -- -- -- 
50: -- -- -- -- -- -- -- -- -- -- -- -- -- -- -- -- 
60: -- -- -- -- -- -- -- -- -- -- -- -- -- -- -- -- 
70: -- -- -- -- -- -- -- --                         

################################################
############ I2C Trace /dev/i2C-2 #############
################################################

     0  1  2  3  4  5  6  7  8  9  a  b  c  d  e  f
00:                         -- -- -- -- -- -- -- -- 
10: -- -- -- -- -- -- -- -- -- -- -- -- -- -- -- -- 
20: -- -- -- -- -- -- -- -- -- -- -- -- -- -- -- -- 
30: -- -- -- -- -- -- -- -- -- -- -- -- -- -- -- -- 
40: -- -- -- -- -- -- -- -- -- -- -- -- -- -- -- -- 
50: -- -- -- -- -- -- -- -- -- -- -- -- -- -- -- -- 
60: -- -- -- -- -- -- -- -- -- -- -- -- -- -- -- -- 
70: -- -- -- -- -- -- -- --                         

################################################
############ I2C Trace /dev/i2C-3 #############
################################################

Error: Could not open file `/dev/i2c-3' or `/dev/i2c/3': No such file or directory

################################################
############ I2C Trace /dev/i2C-4 #############
################################################

     0  1  2  3  4  5  6  7  8  9  a  b  c  d  e  f
00:                         -- -- -- -- -- -- -- -- 
10: -- -- -- -- -- -- -- -- -- -- -- -- -- -- -- -- 
20: -- -- -- -- -- -- -- -- -- -- -- -- -- -- -- -- 
30: -- -- -- -- -- -- -- -- -- -- -- -- UU -- -- -- 
40: -- -- -- -- -- -- -- -- -- -- -- -- -- -- -- -- 
50: -- -- -- -- -- -- -- -- -- -- -- -- -- -- -- -- 
60: -- -- -- -- -- -- -- -- -- -- -- -- -- -- -- -- 
70: -- -- -- -- -- -- -- --                         

################################################
############ I2C Trace /dev/i2C-5 #############
################################################

     0  1  2  3  4  5  6  7  8  9  a  b  c  d  e  f
00:                         -- -- -- -- -- -- -- -- 
10: -- -- -- -- -- -- -- -- -- -- -- -- -- -- -- -- 
20: -- -- -- -- -- -- -- -- -- -- -- -- -- -- -- -- 
30: -- -- -- -- -- -- -- -- -- -- -- -- -- -- -- -- 
40: -- -- -- -- -- -- -- -- -- -- -- -- -- -- -- -- 
50: -- -- -- -- -- -- -- -- -- -- -- -- -- -- -- -- 
60: -- -- -- -- -- -- -- -- -- -- -- -- -- -- -- -- 
70: -- -- -- -- -- -- -- --                         

################################################
############ I2C Trace /dev/i2C-6 #############
################################################

Error: Could not open file `/dev/i2c-6' or `/dev/i2c/6': No such file or directory

################################################
############ I2C Trace /dev/i2C-7 #############
################################################

     0  1  2  3  4  5  6  7  8  9  a  b  c  d  e  f
00:                         -- -- -- -- -- -- -- -- 
10: -- -- -- -- -- -- -- -- -- -- -- -- -- -- -- -- 
20: -- -- -- -- -- -- -- -- -- -- -- -- -- -- -- -- 
30: -- -- -- -- -- -- -- -- -- -- -- -- -- -- -- -- 
40: -- -- -- -- -- -- -- -- -- -- -- -- -- -- -- -- 
50: -- -- -- -- -- -- -- -- -- -- -- -- -- -- -- -- 
60: -- -- -- -- -- -- -- -- -- -- -- -- -- -- -- -- 
70: -- -- -- -- -- -- -- --                         

################################################
############ I2C Trace /dev/i2C-8 #############
################################################

Error: Could not open file `/dev/i2c-8' or `/dev/i2c/8': No such file or directory

################################################
############ I2C Trace /dev/i2C-9 #############
################################################

     0  1  2  3  4  5  6  7  8  9  a  b  c  d  e  f
00:                         -- -- -- -- -- -- -- -- 
10: -- -- -- -- -- -- -- -- -- -- -- -- -- -- -- -- 
20: -- -- -- -- -- -- -- -- -- -- -- -- -- -- -- -- 
30: -- -- -- -- -- -- -- -- -- -- -- -- -- -- -- -- 
40: -- -- -- -- -- -- -- -- -- -- -- -- -- -- -- -- 
50: -- -- -- -- -- -- -- -- -- -- -- -- -- -- -- -- 
60: -- -- -- -- -- -- -- -- -- -- -- -- -- -- -- -- 
70: -- -- -- -- -- -- -- --                         

################################################
############ I2C Trace /dev/i2C-10 #############
################################################

     0  1  2  3  4  5  6  7  8  9  a  b  c  d  e  f
00:                         -- -- -- -- -- -- -- -- 
10: -- -- -- -- -- -- -- -- -- -- -- -- -- -- -- -- 
20: -- -- -- -- -- -- -- -- -- -- -- -- -- -- -- -- 
30: -- -- -- -- -- -- -- -- -- -- -- -- -- -- -- -- 
40: -- -- -- -- -- -- -- -- -- -- -- -- -- -- -- -- 
50: -- -- -- -- -- -- -- -- -- -- -- -- -- -- -- -- 
60: -- -- -- -- -- -- -- -- -- -- -- -- -- -- -- -- 
70: -- -- -- -- -- -- -- --                         

################################################
############ I2C Trace /dev/i2C-30 #############
################################################

Error: Could not open file `/dev/i2c-30' or `/dev/i2c/30': No such file or directory

################################################
############ I2C Trace /dev/i2C-31 #############
################################################

Error: Could not open file `/dev/i2c-31' or `/dev/i2c/31': No such file or directory

################################################
############ I2C Trace /dev/i2C-32 #############
################################################

Error: Could not open file `/dev/i2c-32' or `/dev/i2c/32': No such file or directory

################################################
############ I2C Trace /dev/i2C-33 #############
################################################

Error: Could not open file `/dev/i2c-33' or `/dev/i2c/33': No such file or directory
#########################